[0m2021.11.23 15:00:36 INFO  Started: Metals version 0.10.9 in workspace '/home/marialejandra/InitG/Ejercicios InitGrammers/full-calendar-ejercicio-v2' for client Visual Studio Code 1.62.2.[0m
[0m2021.11.23 15:00:41 INFO  time: initialize in 4.8s[0m
[0m2021.11.23 15:00:45 WARN  Build server is not auto-connectable.[0m
[0m2021.11.23 15:00:45 WARN  no build tool detected in workspace '/home/marialejandra/InitG/Ejercicios InitGrammers/full-calendar-ejercicio-v2'. The most common cause for this problem is that the editor was opened in the wrong working directory, for example if you use sbt then the workspace directory should contain build.sbt. [0m
Nov 23, 2021 3:09:45 PM org.eclipse.lsp4j.jsonrpc.services.GenericEndpoint notify
INFO: Unsupported notification method: $/setTrace
Nov 23, 2021 3:17:30 PM org.eclipse.lsp4j.jsonrpc.services.GenericEndpoint notify
INFO: Unsupported notification method: $/setTrace
[0m2021.11.23 17:48:25 INFO  shutting down Metals[0m
[0m2021.11.24 15:19:43 INFO  Started: Metals version 0.10.9 in workspace '/home/marialejandra/InitG/Ejercicios InitGrammers/full-calendar-ejercicio-v2' for client Visual Studio Code 1.62.2.[0m
[0m2021.11.24 15:19:47 INFO  time: initialize in 3.4s[0m
[0m2021.11.24 15:19:48 WARN  Build server is not auto-connectable.[0m
[0m2021.11.24 15:19:48 WARN  no build tool detected in workspace '/home/marialejandra/InitG/Ejercicios InitGrammers/full-calendar-ejercicio-v2'. The most common cause for this problem is that the editor was opened in the wrong working directory, for example if you use sbt then the workspace directory should contain build.sbt. [0m
Nov 24, 2021 4:56:34 PM org.eclipse.lsp4j.jsonrpc.services.GenericEndpoint notify
INFO: Unsupported notification method: $/setTrace
[0m2021.11.29 18:04:53 INFO  Started: Metals version 0.10.9 in workspace '/home/marialejandra/InitG/Ejercicios InitGrammers/full-calendar-ejercicio-v2' for client Visual Studio Code 1.62.2.[0m
[0m2021.11.29 18:04:55 INFO  time: initialize in 2.5s[0m
[0m2021.11.29 18:04:56 WARN  Build server is not auto-connectable.[0m
[0m2021.11.29 18:04:56 WARN  no build tool detected in workspace '/home/marialejandra/InitG/Ejercicios InitGrammers/full-calendar-ejercicio-v2'. The most common cause for this problem is that the editor was opened in the wrong working directory, for example if you use sbt then the workspace directory should contain build.sbt. [0m
[0m2021.11.30 08:58:59 INFO  shutting down Metals[0m
[0m2021.12.08 23:12:44 INFO  Started: Metals version 0.10.9 in workspace '/home/marialejandra/InitG/Ejercicios InitGrammers/full-calendar-ejercicio-v2' for client Visual Studio Code 1.62.2.[0m
[0m2021.12.08 23:12:45 INFO  time: initialize in 0.75s[0m
[0m2021.12.08 23:12:46 WARN  Build server is not auto-connectable.[0m
[0m2021.12.08 23:12:46 WARN  no build tool detected in workspace '/home/marialejandra/InitG/Ejercicios InitGrammers/full-calendar-ejercicio-v2'. The most common cause for this problem is that the editor was opened in the wrong working directory, for example if you use sbt then the workspace directory should contain build.sbt. [0m
Dec 08, 2021 11:18:36 PM org.eclipse.lsp4j.jsonrpc.services.GenericEndpoint notify
INFO: Unsupported notification method: $/setTrace
[0m2021.12.09 16:04:33 INFO  Started: Metals version 0.10.9 in workspace '/home/marialejandra/InitG/Ejercicios InitGrammers/full-calendar-ejercicio-v2' for client Visual Studio Code 1.62.2.[0m
[0m2021.12.09 16:04:35 INFO  time: initialize in 2.02s[0m
[0m2021.12.09 16:04:42 WARN  Build server is not auto-connectable.[0m
[0m2021.12.09 16:04:42 WARN  no build tool detected in workspace '/home/marialejandra/InitG/Ejercicios InitGrammers/full-calendar-ejercicio-v2'. The most common cause for this problem is that the editor was opened in the wrong working directory, for example if you use sbt then the workspace directory should contain build.sbt. [0m
Dec 09, 2021 4:08:59 PM org.eclipse.lsp4j.jsonrpc.services.GenericEndpoint notify
INFO: Unsupported notification method: $/setTrace
[0m2021.12.10 14:27:21 INFO  shutting down Metals[0m
[0m2021.12.11 09:36:11 INFO  Started: Metals version 0.10.9 in workspace '/home/marialejandra/InitG/Ejercicios InitGrammers/full-calendar-ejercicio-v2' for client Visual Studio Code 1.62.2.[0m
[0m2021.12.11 09:36:13 INFO  time: initialize in 1.47s[0m
[0m2021.12.11 09:36:14 WARN  Build server is not auto-connectable.[0m
[0m2021.12.11 09:36:14 WARN  no build tool detected in workspace '/home/marialejandra/InitG/Ejercicios InitGrammers/full-calendar-ejercicio-v2'. The most common cause for this problem is that the editor was opened in the wrong working directory, for example if you use sbt then the workspace directory should contain build.sbt. [0m
[0m2021.12.11 09:42:27 INFO  shutting down Metals[0m
[0m2021.12.14 08:12:06 INFO  Started: Metals version 0.10.9 in workspace '/home/marialejandra/InitG/Ejercicios InitGrammers/full-calendar-ejercicio-v2' for client Visual Studio Code 1.62.2.[0m
[0m2021.12.14 08:12:08 INFO  time: initialize in 1.9s[0m
[0m2021.12.14 08:12:10 WARN  Build server is not auto-connectable.[0m
[0m2021.12.14 08:12:10 WARN  no build tool detected in workspace '/home/marialejandra/InitG/Ejercicios InitGrammers/full-calendar-ejercicio-v2'. The most common cause for this problem is that the editor was opened in the wrong working directory, for example if you use sbt then the workspace directory should contain build.sbt. [0m
[0m2021.12.14 08:18:06 INFO  shutting down Metals[0m
[0m2021.12.14 15:18:16 INFO  Started: Metals version 0.10.9 in workspace '/home/marialejandra/InitG/Ejercicios InitGrammers/full-calendar-ejercicio-v2' for client Visual Studio Code 1.62.2.[0m
[0m2021.12.14 15:18:18 INFO  time: initialize in 1.87s[0m
[0m2021.12.14 15:18:21 WARN  Build server is not auto-connectable.[0m
[0m2021.12.14 15:18:21 WARN  no build tool detected in workspace '/home/marialejandra/InitG/Ejercicios InitGrammers/full-calendar-ejercicio-v2'. The most common cause for this problem is that the editor was opened in the wrong working directory, for example if you use sbt then the workspace directory should contain build.sbt. [0m
[0m2021.12.14 15:38:23 INFO  shutting down Metals[0m
[0m2021.12.26 11:58:12 INFO  Started: Metals version 0.10.9 in workspace '/home/marialejandra/InitG/Ejercicios InitGrammers/full-calendar-ejercicio-v2' for client Visual Studio Code 1.62.2.[0m
[0m2021.12.26 11:58:13 INFO  time: initialize in 0.98s[0m
[0m2021.12.26 11:58:14 WARN  Build server is not auto-connectable.[0m
[0m2021.12.26 11:58:14 WARN  no build tool detected in workspace '/home/marialejandra/InitG/Ejercicios InitGrammers/full-calendar-ejercicio-v2'. The most common cause for this problem is that the editor was opened in the wrong working directory, for example if you use sbt then the workspace directory should contain build.sbt. [0m
Dec 28, 2021 9:15:34 AM org.eclipse.lsp4j.jsonrpc.services.GenericEndpoint notify
INFO: Unsupported notification method: $/setTrace
[0m2021.12.28 09:16:12 INFO  shutting down Metals[0m
